#
# There is insufficient memory for the Java Runtime Environment to continue.
# Native memory allocation (mmap) failed to map 132120576 bytes for G1 virtual space
# Possible reasons:
#   The system is out of physical RAM or swap space
#   The process is running with CompressedOops enabled, and the Java Heap may be blocking the growth of the native heap
# Possible solutions:
#   Reduce memory load on the system
#   Increase physical memory or swap space
#   Check if swap backing store is full
#   Decrease Java heap size (-Xmx/-Xms)
#   Decrease number of Java threads
#   Decrease Java thread stack sizes (-Xss)
#   Set larger code cache with -XX:ReservedCodeCacheSize=
#   JVM is running with Unscaled Compressed Oops mode in which the Java heap is
#     placed in the first 4GB address space. The Java Heap base address is the
#     maximum limit for the native heap growth. Please use -XX:HeapBaseMinAddress
#     to set the Java Heap base and to place the Java Heap above 4GB virtual address.
# This output file may be truncated or incomplete.
#
#  Out of Memory Error (os_windows.cpp:3559), pid=6568, tid=17076
#
# JRE version:  (17.0.7+7) (build )
# Java VM: OpenJDK 64-Bit Server VM (17.0.7+7, mixed mode, emulated-client, sharing, tiered, compressed oops, compressed class ptrs, g1 gc, windows-amd64)
# No core dump will be written. Minidumps are not enabled by default on client versions of Windows
#

---------------  S U M M A R Y ------------

Command Line: -Dcom.sun.management.jmxremote -Dcom.sun.management.jmxremote.port=57915 -Dcom.sun.management.jmxremote.authenticate=false -Dcom.sun.management.jmxremote.ssl=false -Djava.rmi.server.hostname=localhost -Dspring.jmx.enabled=true -Dmanagement.endpoints.jmx.exposure.include=* -Dspring.application.admin.enabled=true -XX:TieredStopAtLevel=1 -Dspring.boot.project.name=backend -Dfile.encoding=UTF-8 -XX:+ShowCodeDetailsInExceptionMessages br.edu.ufape.poo.backend.BackendApplication --spring.output.ansi.enabled=always

Host: Intel(R) Core(TM) i7-7500U CPU @ 2.70GHz, 4 cores, 7G,  Windows 10 , 64 bit Build 19041 (10.0.19041.3155)
Time: Sat Jul 29 11:39:06 2023 Hora Padrão de Buenos Aires elapsed time: 0.449463 seconds (0d 0h 0m 0s)

---------------  T H R E A D  ---------------

Current thread (0x000001a0cce95d10):  JavaThread "Unknown thread" [_thread_in_vm, id=17076, stack(0x0000007931f00000,0x0000007932000000)]

Stack: [0x0000007931f00000,0x0000007932000000]
Native frames: (J=compiled Java code, j=interpreted, Vv=VM code, C=native code)
V  [jvm.dll+0x67754a]
V  [jvm.dll+0x834304]
V  [jvm.dll+0x835aae]
V  [jvm.dll+0x836113]
V  [jvm.dll+0x24696f]
V  [jvm.dll+0x6743f9]
V  [jvm.dll+0x668c8a]
V  [jvm.dll+0x3061bb]
V  [jvm.dll+0x30d6a6]
V  [jvm.dll+0x35cece]
V  [jvm.dll+0x35d0ff]
V  [jvm.dll+0x2dd048]
V  [jvm.dll+0x2ddfb4]
V  [jvm.dll+0x8066d1]
V  [jvm.dll+0x36ac91]
V  [jvm.dll+0x7e5cec]
V  [jvm.dll+0x3ed56f]
V  [jvm.dll+0x3ef0a1]
C  [jli.dll+0x528b]
C  [ucrtbase.dll+0x21bb2]
C  [KERNEL32.DLL+0x17614]
C  [ntdll.dll+0x526b1]


---------------  P R O C E S S  ---------------

Threads class SMR info:
_java_thread_list=0x00007ff926317018, length=0, elements={
}

Java Threads: ( => current thread )

Other Threads:
  0x000001a0ccef8770 GCTaskThread "GC Thread#0" [stack: 0x0000007932000000,0x0000007932100000] [id=20968]
  0x000001a0ccf098f0 ConcurrentGCThread "G1 Main Marker" [stack: 0x0000007932100000,0x0000007932200000] [id=16512]
  0x000001a0ccf0b1b0 ConcurrentGCThread "G1 Conc#0" [stack: 0x0000007932200000,0x0000007932300000] [id=20240]

[error occurred during error reporting (printing all threads), id 0xc0000005, EXCEPTION_ACCESS_VIOLATION (0xc0000005) at pc=0x00007ff925aedaf7]

VM state: not at safepoint (not fully initialized)

VM Mutex/Monitor currently owned by a thread:  ([mutex/lock_event])
[0x000001a0cce90440] Heap_lock - owner thread: 0x000001a0cce95d10

Heap address: 0x0000000082000000, size: 2016 MB, Compressed Oops mode: 32-bit

CDS archive(s) mapped at: [0x0000000000000000-0x0000000000000000-0x0000000000000000), size 0, SharedBaseAddress: 0x0000000800000000, ArchiveRelocationMode: 0.
Narrow klass base: 0x0000000000000000, Narrow klass shift: 0, Narrow klass range: 0x0

GC Precious Log:
<Empty>

Heap:
 garbage-first heap   total 0K, used 0K [0x0000000082000000, 0x0000000100000000)
  region size 1024K, 0 young (0K), 0 survivors (0K)

[error occurred during error reporting (printing heap information), id 0xc0000005, EXCEPTION_ACCESS_VIOLATION (0xc0000005) at pc=0x00007ff925ed0db9]

GC Heap History (0 events):
No events

Dll operation events (1 events):
Event: 0.009 Loaded shared library C:\Users\Capeudinho\Downloads\sts-4.18.1.RELEASE\plugins\org.eclipse.justj.openjdk.hotspot.jre.full.win32.x86_64_17.0.7.v20230425-1502\jre\bin\java.dll

Deoptimization events (0 events):
No events

Classes unloaded (0 events):
No events

Classes redefined (0 events):
No events

Internal exceptions (0 events):
No events

VM Operations (0 events):
No events

Events (0 events):
No events


Dynamic libraries:
0x00007ff731e00000 - 0x00007ff731e0e000 	C:\Users\Capeudinho\Downloads\sts-4.18.1.RELEASE\plugins\org.eclipse.justj.openjdk.hotspot.jre.full.win32.x86_64_17.0.7.v20230425-1502\jre\bin\javaw.exe
0x00007ff97c330000 - 0x00007ff97c528000 	C:\WINDOWS\SYSTEM32\ntdll.dll
0x00007ff947620000 - 0x00007ff947639000 	C:\Program Files\AVAST Software\Avast\aswhook.dll
0x00007ff97ae10000 - 0x00007ff97aecf000 	C:\WINDOWS\System32\KERNEL32.DLL
0x00007ff979d50000 - 0x00007ff97a046000 	C:\WINDOWS\System32\KERNELBASE.dll
0x00007ff97a290000 - 0x00007ff97a390000 	C:\WINDOWS\System32\ucrtbase.dll
0x00007ff9582e0000 - 0x00007ff9582f9000 	C:\Users\Capeudinho\Downloads\sts-4.18.1.RELEASE\plugins\org.eclipse.justj.openjdk.hotspot.jre.full.win32.x86_64_17.0.7.v20230425-1502\jre\bin\VCRUNTIME140.dll
0x00007ff959370000 - 0x00007ff959387000 	C:\Users\Capeudinho\Downloads\sts-4.18.1.RELEASE\plugins\org.eclipse.justj.openjdk.hotspot.jre.full.win32.x86_64_17.0.7.v20230425-1502\jre\bin\jli.dll
0x00007ff97c020000 - 0x00007ff97c1bd000 	C:\WINDOWS\System32\USER32.dll
0x00007ff979b60000 - 0x00007ff979b82000 	C:\WINDOWS\System32\win32u.dll
0x00007ff971660000 - 0x00007ff9718fa000 	C:\WINDOWS\WinSxS\amd64_microsoft.windows.common-controls_6595b64144ccf1df_6.0.19041.1110_none_60b5254171f9507e\COMCTL32.dll
0x00007ff97b040000 - 0x00007ff97b06c000 	C:\WINDOWS\System32\GDI32.dll
0x00007ff97afa0000 - 0x00007ff97b03e000 	C:\WINDOWS\System32\msvcrt.dll
0x00007ff979bc0000 - 0x00007ff979cd5000 	C:\WINDOWS\System32\gdi32full.dll
0x00007ff979a10000 - 0x00007ff979aad000 	C:\WINDOWS\System32\msvcp_win.dll
0x00007ff97b8b0000 - 0x00007ff97b8e0000 	C:\WINDOWS\System32\IMM32.DLL
0x00007ff95af00000 - 0x00007ff95af0c000 	C:\Users\Capeudinho\Downloads\sts-4.18.1.RELEASE\plugins\org.eclipse.justj.openjdk.hotspot.jre.full.win32.x86_64_17.0.7.v20230425-1502\jre\bin\vcruntime140_1.dll
0x00007ff946d00000 - 0x00007ff946d91000 	C:\Users\Capeudinho\Downloads\sts-4.18.1.RELEASE\plugins\org.eclipse.justj.openjdk.hotspot.jre.full.win32.x86_64_17.0.7.v20230425-1502\jre\bin\msvcp140.dll
0x00007ff925800000 - 0x00007ff926448000 	C:\Users\Capeudinho\Downloads\sts-4.18.1.RELEASE\plugins\org.eclipse.justj.openjdk.hotspot.jre.full.win32.x86_64_17.0.7.v20230425-1502\jre\bin\server\jvm.dll
0x00007ff97a3f0000 - 0x00007ff97a49f000 	C:\WINDOWS\System32\ADVAPI32.dll
0x00007ff97b8e0000 - 0x00007ff97b97c000 	C:\WINDOWS\System32\sechost.dll
0x00007ff97a4a0000 - 0x00007ff97a5c6000 	C:\WINDOWS\System32\RPCRT4.dll
0x00007ff974a90000 - 0x00007ff974a99000 	C:\WINDOWS\SYSTEM32\WSOCK32.dll
0x00007ff97bea0000 - 0x00007ff97bf0b000 	C:\WINDOWS\System32\WS2_32.dll
0x00007ff973610000 - 0x00007ff97361a000 	C:\WINDOWS\SYSTEM32\VERSION.dll
0x00007ff972c60000 - 0x00007ff972c87000 	C:\WINDOWS\SYSTEM32\WINMM.dll
0x00007ff978280000 - 0x00007ff978292000 	C:\WINDOWS\SYSTEM32\kernel.appcore.dll
0x00007ff9634e0000 - 0x00007ff9634ea000 	C:\Users\Capeudinho\Downloads\sts-4.18.1.RELEASE\plugins\org.eclipse.justj.openjdk.hotspot.jre.full.win32.x86_64_17.0.7.v20230425-1502\jre\bin\jimage.dll
0x00007ff977740000 - 0x00007ff977924000 	C:\WINDOWS\SYSTEM32\DBGHELP.DLL
0x00007ff972210000 - 0x00007ff972244000 	C:\WINDOWS\SYSTEM32\dbgcore.DLL
0x00007ff97a0a0000 - 0x00007ff97a122000 	C:\WINDOWS\System32\bcryptPrimitives.dll
0x00007ff95aa80000 - 0x00007ff95aaa5000 	C:\Users\Capeudinho\Downloads\sts-4.18.1.RELEASE\plugins\org.eclipse.justj.openjdk.hotspot.jre.full.win32.x86_64_17.0.7.v20230425-1502\jre\bin\java.dll

dbghelp: loaded successfully - version: 4.0.5 - missing functions: none
symbol engine: initialized successfully - sym options: 0x614 - pdb path: .;C:\Users\Capeudinho\Downloads\sts-4.18.1.RELEASE\plugins\org.eclipse.justj.openjdk.hotspot.jre.full.win32.x86_64_17.0.7.v20230425-1502\jre\bin;C:\WINDOWS\SYSTEM32;C:\Program Files\AVAST Software\Avast;C:\WINDOWS\WinSxS\amd64_microsoft.windows.common-controls_6595b64144ccf1df_6.0.19041.1110_none_60b5254171f9507e;C:\Users\Capeudinho\Downloads\sts-4.18.1.RELEASE\plugins\org.eclipse.justj.openjdk.hotspot.jre.full.win32.x86_64_17.0.7.v20230425-1502\jre\bin\server

VM Arguments:
jvm_args: -Dcom.sun.management.jmxremote -Dcom.sun.management.jmxremote.port=57915 -Dcom.sun.management.jmxremote.authenticate=false -Dcom.sun.management.jmxremote.ssl=false -Djava.rmi.server.hostname=localhost -Dspring.jmx.enabled=true -Dmanagement.endpoints.jmx.exposure.include=* -Dspring.application.admin.enabled=true -XX:TieredStopAtLevel=1 -Dspring.boot.project.name=backend -Dfile.encoding=UTF-8 -XX:+ShowCodeDetailsInExceptionMessages 
java_command: br.edu.ufape.poo.backend.BackendApplication --spring.output.ansi.enabled=always
java_class_path (initial): C:\Coisas de Yuri\UFAPE\Período 2\Programação orientada ao objeto\Pages & Pals\backend\target\classes;C:\Users\Capeudinho\.m2\repository\org\springframework\boot\spring-boot-starter-data-jpa\3.1.2\spring-boot-starter-data-jpa-3.1.2.jar;C:\Users\Capeudinho\.m2\repository\org\springframework\boot\spring-boot-starter-aop\3.1.2\spring-boot-starter-aop-3.1.2.jar;C:\Users\Capeudinho\.m2\repository\org\springframework\spring-aop\6.0.11\spring-aop-6.0.11.jar;C:\Users\Capeudinho\.m2\repository\org\aspectj\aspectjweaver\1.9.19\aspectjweaver-1.9.19.jar;C:\Users\Capeudinho\.m2\repository\org\springframework\boot\spring-boot-starter-jdbc\3.1.2\spring-boot-starter-jdbc-3.1.2.jar;C:\Users\Capeudinho\.m2\repository\com\zaxxer\HikariCP\5.0.1\HikariCP-5.0.1.jar;C:\Users\Capeudinho\.m2\repository\org\springframework\spring-jdbc\6.0.11\spring-jdbc-6.0.11.jar;C:\Users\Capeudinho\.m2\repository\org\hibernate\orm\hibernate-core\6.2.6.Final\hibernate-core-6.2.6.Final.jar;C:\Users\Capeudinho\.m2\repository\jakarta\persistence\jakarta.persistence-api\3.1.0\jakarta.persistence-api-3.1.0.jar;C:\Users\Capeudinho\.m2\repository\jakarta\transaction\jakarta.transaction-api\2.0.1\jakarta.transaction-api-2.0.1.jar;C:\Users\Capeudinho\.m2\repository\org\jboss\logging\jboss-logging\3.5.3.Final\jboss-logging-3.5.3.Final.jar;C:\Users\Capeudinho\.m2\repository\org\hibernate\common\hibernate-commons-annotations\6.0.6.Final\hibernate-commons-annotations-6.0.6.Final.jar;C:\Users\Capeudinho\.m2\repository\io\smallrye\jandex\3.0.5\jandex-3.0.5.jar;C:\Users\Capeudinho\.m2\repository\com\fasterxml\classmate\1.5.1\classmate-1.5.1.jar;C:\Users\Capeudinho\.m2\repository\net\bytebuddy\byte-buddy\1.14.5\byte-buddy-1.14.5.jar;C:\Users\Capeudinho\.m2\repository\org\glassfish\jaxb\jaxb-runtime\4.0.3\jaxb-runtime-4.0.3.jar;C:\Users\Capeudinho\.m2\repository\org\glassfish\jaxb\jaxb-core\4.0.3\jaxb-core-4.0.3.jar;C:\Users\Capeudinho\.m2\repository\org\eclipse\angus\angus-activation\2.0.1\angus
Launcher Type: SUN_STANDARD

[Global flags]
     intx CICompilerCount                          = 3                                         {product} {ergonomic}
     uint ConcGCThreads                            = 1                                         {product} {ergonomic}
     uint G1ConcRefinementThreads                  = 4                                         {product} {ergonomic}
   size_t G1HeapRegionSize                         = 1048576                                   {product} {ergonomic}
    uintx GCDrainStackTargetSize                   = 64                                        {product} {ergonomic}
   size_t InitialHeapSize                          = 132120576                                 {product} {ergonomic}
     bool ManagementServer                         = true                                      {product} {command line}
   size_t MarkStackSize                            = 4194304                                   {product} {ergonomic}
   size_t MaxHeapSize                              = 2113929216                                {product} {ergonomic}
   size_t MinHeapDeltaBytes                        = 1048576                                   {product} {ergonomic}
   size_t MinHeapSize                              = 8388608                                   {product} {ergonomic}
    uintx NonProfiledCodeHeapSize                  = 0                                      {pd product} {ergonomic}
     bool ProfileInterpreter                       = false                                  {pd product} {command line}
    uintx ProfiledCodeHeapSize                     = 0                                      {pd product} {ergonomic}
     bool ShowCodeDetailsInExceptionMessages       = true                                   {manageable} {command line}
   size_t SoftMaxHeapSize                          = 2113929216                             {manageable} {ergonomic}
     intx TieredStopAtLevel                        = 1                                         {product} {command line}
     bool UseCompressedClassPointers               = true                           {product lp64_product} {ergonomic}
     bool UseCompressedOops                        = true                           {product lp64_product} {ergonomic}
     bool UseG1GC                                  = true                                      {product} {ergonomic}
     bool UseLargePagesIndividualAllocation        = false                                  {pd product} {ergonomic}

Logging:
Log output configuration:
 #0: stdout all=warning uptime,level,tags
 #1: stderr all=off uptime,level,tags

Environment Variables:
JAVA_HOME=C:\Program Files\AdoptOpenJDK\jdk-11.0.10.9-hotspot\
PATH=C:/Users/Capeudinho/Downloads/sts-4.18.1.RELEASE//plugins/org.eclipse.justj.openjdk.hotspot.jre.full.win32.x86_64_17.0.7.v20230425-1502/jre/bin/server;C:/Users/Capeudinho/Downloads/sts-4.18.1.RELEASE//plugins/org.eclipse.justj.openjdk.hotspot.jre.full.win32.x86_64_17.0.7.v20230425-1502/jre/bin;C:\Users\Capeudinho\AppData\Local\Programs\Python\Python311\Scripts\;C:\Users\Capeudinho\AppData\Local\Programs\Python\Python311\;C:\Program Files\Common Files\Oracle\Java\javapath;C:\Program Files (x86)\Common Files\Oracle\Java\javapath;C:\Program Files\AdoptOpenJDK\jdk-11.0.10.9-hotspot\bin;C:\Program Files (x86)\Embarcadero\Studio\20.0\bin;C:\Users\Public\Documents\Embarcadero\Studio\20.0\Bpl;C:\Program Files (x86)\Embarcadero\Studio\20.0\bin64;C:\Users\Public\Documents\Embarcadero\Studio\20.0\Bpl\Win64;C:\Program Files (x86)\Intel\Intel(R) Management Engine Components\iCLS\;C:\Program Files\Intel\Intel(R) Management Engine Components\iCLS\;C:\WINDOWS\system32;C:\WINDOWS;C:\WINDOWS\System32\Wbem;C:\WINDOWS\System32\WindowsPowerShell\v1.0\;C:\Program Files (x86)\Intel\Intel(R) Management Engine Components\DAL;C:\Program Files\Intel\Intel(R) Management Engine Components\DAL;C:\Program Files (x86)\Intel\Intel(R) Management Engine Components\IPT;C:\Program Files\Intel\Intel(R) Management Engine Components\IPT;C:\WINDOWS\System32\OpenSSH\;C:\Program Files\dotnet\;C:\Program Files (x86)\Yarn\bin\;C:\Users\archm\AppData\Roaming\nvm;C:\Program Files\nodejs;C:\ProgramData\chocolatey\bin;C:\Program Files (x86)\Windows Kits\10\Windows Performance Toolkit\;C:\Program Files\AdoptOpenJDK\jdk-11.0.10.9-hotspot\\bin;C:\Program Files\apache-maven-3.8.1\bin;C:\Program Files\Git\cmd;C:\msys64\ucrt64\bin;C:\Program Files\nodejs\;C:\Users\Capeudinho\AppData\Local\Microsoft\WindowsApps;C:\Users\Capeudinho\AppData\Local\Programs\Microsoft VS Code\bin;C:\Users\Capeudinho\AppData\Local\GitHubDesktop\bin;C:\Users\Capeudinho\AppData\Roaming\npm;C:\Users\Capeudinho\Downloads\sts-4.18.1.RELEASE;
USERNAME=Capeudinho
OS=Windows_NT
PROCESSOR_IDENTIFIER=Intel64 Family 6 Model 142 Stepping 9, GenuineIntel
TMP=C:\Users\CAPEUD~1\AppData\Local\Temp
TEMP=C:\Users\CAPEUD~1\AppData\Local\Temp



---------------  S Y S T E M  ---------------

OS:
 Windows 10 , 64 bit Build 19041 (10.0.19041.3155)
OS uptime: 2 days 0:40 hours

CPU: total 4 (initial active 4) (2 cores per cpu, 2 threads per core) family 6 model 142 stepping 9 microcode 0xc6, cx8, cmov, fxsr, ht, mmx, 3dnowpref, sse, sse2, sse3, ssse3, sse4.1, sse4.2, popcnt, lzcnt, tsc, tscinvbit, avx, avx2, aes, erms, clmul, bmi1, bmi2, adx, fma, vzeroupper, clflush, clflushopt

Memory: 4k page, system-wide physical 8058M (462M free)
TotalPageFile size 32634M (AvailPageFile size 34M)
current process WorkingSet (physical memory assigned to process): 10M, peak: 10M
current process commit charge ("private bytes"): 47M, peak: 173M

vm_info: OpenJDK 64-Bit Server VM (17.0.7+7) for windows-amd64 JRE (17.0.7+7), built on Apr 18 2023 22:10:42 by "temurin" with MS VC++ 16.7 (VS2019)

END.
